<?xml version="1.0" encoding="UTF-8"?>
<testsuite xmlns:xsi="http://www.w3.org/2001/XMLSchema-instance" xsi:noNamespaceSchemaLocation="https://maven.apache.org/surefire/maven-surefire-plugin/xsd/surefire-test-report.xsd" version="3.0.2" name="com.actividad.demo.service.serviceTest" time="0.321" tests="6" errors="0" skipped="0" failures="0">
  <properties>
[...]
</properties>
  <testcase name="buscarNaveId" classname="com.actividad.demo.service.serviceTest" time="0.128">
    <system-out><![CDATA[2025-03-21T13:48:25.807+01:00  INFO 8744 --- [demo] [           main] t.c.s.AnnotationConfigContextLoaderUtils : Could not detect default configuration classes for test class [com.actividad.demo.service.serviceTest]: serviceTest does not declare any static, non-private, non-final, nested classes annotated with @Configuration.
2025-03-21T13:48:25.827+01:00  INFO 8744 --- [demo] [           main] .b.t.c.SpringBootTestContextBootstrapper : Found @SpringBootConfiguration com.actividad.demo.DemoApplication for test class com.actividad.demo.service.serviceTest
]]></system-out>
  </testcase>
  <testcase name="buscarPorParametro" classname="com.actividad.demo.service.serviceTest" time="0.002"/>
  <testcase name="añadirNave" classname="com.actividad.demo.service.serviceTest" time="0.0"/>
  <testcase name="modificarNave" classname="com.actividad.demo.service.serviceTest" time="0.019">
    <system-out><![CDATA[Nave4----->modificada
]]></system-out>
  </testcase>
  <testcase name="listaNaves" classname="com.actividad.demo.service.serviceTest" time="0.113">
    <system-out><![CDATA[Resultado de finAllPage 4 of 3 containing UNKNOWN instances
2
]]></system-out>
  </testcase>
  <testcase name="eliminarNave" classname="com.actividad.demo.service.serviceTest" time="0.019"/>
</testsuite>