<?xml version="1.0" encoding="UTF-8"?>
<testsuite xmlns:xsi="http://www.w3.org/2001/XMLSchema-instance" xsi:noNamespaceSchemaLocation="https://maven.apache.org/surefire/maven-surefire-plugin/xsd/surefire-test-report.xsd" version="3.0.2" name="com.actividad.demo.service.serviceTest" time="0.633" tests="6" errors="0" skipped="0" failures="1">
  <properties>
[...]
</properties>
  <testcase name="buscarNaveId" classname="com.actividad.demo.service.serviceTest" time="0.198">
    <system-out><![CDATA[2025-03-21T19:33:20.150+01:00  INFO 15160 --- [demo] [           main] t.c.s.AnnotationConfigContextLoaderUtils : Could not detect default configuration classes for test class [com.actividad.demo.service.serviceTest]: serviceTest does not declare any static, non-private, non-final, nested classes annotated with @Configuration.
2025-03-21T19:33:20.162+01:00  INFO 15160 --- [demo] [           main] .b.t.c.SpringBootTestContextBootstrapper : Found @SpringBootConfiguration com.actividad.demo.DemoApplication for test class com.actividad.demo.service.serviceTest
]]></system-out>
  </testcase>
  <testcase name="buscarPorParametro" classname="com.actividad.demo.service.serviceTest" time="0.319">
    <failure message="expected: &lt;true&gt; but was: &lt;false&gt;" type="org.opentest4j.AssertionFailedError"><![CDATA[org.opentest4j.AssertionFailedError: expected: <true> but was: <false>
	at org.junit.jupiter.api.AssertionFailureBuilder.build(AssertionFailureBuilder.java:151)
	at org.junit.jupiter.api.AssertionFailureBuilder.buildAndThrow(AssertionFailureBuilder.java:132)
	at org.junit.jupiter.api.AssertTrue.failNotTrue(AssertTrue.java:63)
	at org.junit.jupiter.api.AssertTrue.assertTrue(AssertTrue.java:36)
	at org.junit.jupiter.api.AssertTrue.assertTrue(AssertTrue.java:31)
	at org.junit.jupiter.api.Assertions.assertTrue(Assertions.java:183)
	at com.actividad.demo.service.serviceTest.buscarPorParametro(serviceTest.java:134)
	at java.base/java.lang.reflect.Method.invoke(Method.java:580)
	at java.base/java.util.ArrayList.forEach(ArrayList.java:1596)
	at java.base/java.util.ArrayList.forEach(ArrayList.java:1596)
]]></failure>
    <system-out><![CDATA[com.actividad.demo.model.Nave@60e5c1ca
Naves encontradas: [com.actividad.demo.model.Nave@7c3ed6f1, com.actividad.demo.model.Nave@4908c4a0]
]]></system-out>
  </testcase>
  <testcase name="añadirNave" classname="com.actividad.demo.service.serviceTest" time="0.007"/>
  <testcase name="modificarNave" classname="com.actividad.demo.service.serviceTest" time="0.029"/>
  <testcase name="listaNaves" classname="com.actividad.demo.service.serviceTest" time="0.032">
    <system-out><![CDATA[Resultado de finAllPage 1 of 3 containing com.actividad.demo.model.Nave instances
]]></system-out>
  </testcase>
  <testcase name="eliminarNave" classname="com.actividad.demo.service.serviceTest" time="0.015"/>
</testsuite>